<?xml version="1.0" encoding="UTF-8"?>
<!-- Generated by org.testng.reporters.JUnitReportReporter -->
<testsuite hostname="LAPTOP-OV0PG4IN" failures="0" tests="1" name="testCases.TC002_LoginTest" time="2.439" errors="0" timestamp="2025-07-01T14:43:57 IST" skipped="0">
  <testcase classname="testCases.TC002_LoginTest" name="verify_Login" time="2.439"/>
</testsuite> <!-- testCases.TC002_LoginTest -->
