<?xml version="1.0" encoding="UTF-8"?>
<!-- Generated by org.testng.reporters.JUnitReportReporter -->
<testsuite hostname="LAPTOP-OV0PG4IN" failures="0" tests="1" name="testCases.TC001_AccountRegistration" time="3.207" errors="0" timestamp="2025-07-01T14:43:57 IST" skipped="0">
  <testcase classname="testCases.TC001_AccountRegistration" name="verify_Account_registration" time="3.207"/>
</testsuite> <!-- testCases.TC001_AccountRegistration -->
